2026-03-26T13:55:50.164176+0530 | INFO | REQ-START: GET /
2026-03-26T13:55:50.169517+0530 | INFO | REQ-END: GET / (took 0.0018s)
2026-03-26T13:55:57.434641+0530 | INFO | REQ-START: POST /login
2026-03-26T13:55:57.439737+0530 | INFO | REQ-END: POST /login (took 0.0041s)
2026-03-26T13:56:04.950302+0530 | INFO | REQ-START: POST /login
2026-03-26T13:56:04.952622+0530 | INFO | REQ-END: POST /login (took 0.0009s)
2026-03-26T13:56:13.009405+0530 | INFO | REQ-START: POST /login
2026-03-26T13:56:13.010821+0530 | INFO | REQ-END: POST /login (took 0.0008s)
2026-03-26T13:56:14.287098+0530 | INFO | REQ-START: POST /login
2026-03-26T13:56:14.288587+0530 | INFO | REQ-END: POST /login (took 0.0008s)
2026-03-26T13:56:17.425296+0530 | INFO | REQ-START: POST /login
2026-03-26T13:56:17.426525+0530 | INFO | REQ-END: POST /login (took 0.0008s)
2026-03-26T14:07:58.052030+0530 | INFO | REQ-START: GET /
2026-03-26T14:07:58.058561+0530 | INFO | REQ-END: GET / (took 0.0034s)
2026-03-26T14:08:07.130609+0530 | INFO | REQ-START: POST /login
2026-03-26T14:08:07.135794+0530 | INFO | REQ-END: POST /login (took 0.0047s)
2026-03-26T14:08:15.219173+0530 | INFO | REQ-START: POST /login
2026-03-26T14:08:15.220836+0530 | INFO | REQ-END: POST /login (took 0.0008s)
2026-03-26T14:09:05.977549+0530 | INFO | REQ-START: POST /login
2026-03-26T14:09:05.978903+0530 | INFO | REQ-END: POST /login (took 0.0008s)
2026-03-26T14:09:07.468451+0530 | INFO | REQ-START: POST /login
2026-03-26T14:09:07.469774+0530 | INFO | REQ-END: POST /login (took 0.0008s)
2026-03-26T14:09:07.660856+0530 | INFO | REQ-START: POST /login
2026-03-26T14:09:07.662131+0530 | INFO | REQ-END: POST /login (took 0.0008s)
2026-03-26T14:09:07.814901+0530 | INFO | REQ-START: POST /login
2026-03-26T14:09:07.816419+0530 | INFO | REQ-END: POST /login (took 0.0009s)
2026-03-26T14:09:08.043859+0530 | INFO | REQ-START: POST /login
2026-03-26T14:09:08.046023+0530 | INFO | REQ-END: POST /login (took 0.0010s)
2026-03-26T14:10:33.023386+0530 | INFO | REQ-START: GET /
2026-03-26T14:10:33.026295+0530 | INFO | REQ-END: GET / (took 0.0019s)
2026-03-26T14:10:42.182016+0530 | INFO | REQ-START: POST /login
2026-03-26T14:10:42.183922+0530 | INFO | REQ-END: POST /login (took 0.0013s)
2026-03-26T14:11:59.104890+0530 | INFO | REQ-START: GET /
2026-03-26T14:11:59.107734+0530 | INFO | REQ-END: GET / (took 0.0021s)
2026-03-26T14:12:08.453473+0530 | INFO | REQ-START: POST /login
2026-03-26T14:12:08.454892+0530 | INFO | REQ-END: POST /login (took 0.0010s)
2026-03-26T14:14:28.627094+0530 | INFO | REQ-START: GET /
2026-03-26T14:14:28.628861+0530 | INFO | REQ-END: GET / (took 0.0011s)
2026-03-26T14:14:38.539139+0530 | INFO | REQ-START: POST /login
2026-03-26T14:14:38.542202+0530 | ERROR | Global Error: malformed bcrypt hash (checksum must be exactly 31 chars) | Path: /login
2026-03-26T14:17:22.358613+0530 | INFO | REQ-START: GET /
2026-03-26T14:17:22.362269+0530 | INFO | REQ-END: GET / (took 0.0028s)
2026-03-26T14:17:31.702386+0530 | INFO | REQ-START: POST /login
2026-03-26T14:17:31.704522+0530 | ERROR | Global Error: malformed bcrypt hash (checksum must be exactly 31 chars) | Path: /login
2026-03-26T14:22:53.020712+0530 | INFO | REQ-START: GET /
2026-03-26T14:22:53.047644+0530 | INFO | REQ-END: GET / (took 0.0141s)
2026-03-26T14:23:05.664744+0530 | INFO | REQ-START: POST /login
2026-03-26T14:23:05.704928+0530 | ERROR | Global Error: malformed bcrypt hash (checksum must be exactly 31 chars) | Path: /login
2026-03-26T14:24:20.457183+0530 | INFO | REQ-START: GET /
2026-03-26T14:24:20.462504+0530 | INFO | REQ-END: GET / (took 0.0034s)
2026-03-26T14:24:30.917557+0530 | INFO | REQ-START: POST /login
2026-03-26T14:24:30.921190+0530 | ERROR | Global Error: malformed bcrypt hash (checksum must be exactly 31 chars) | Path: /login
2026-03-26T14:25:36.917035+0530 | INFO | REQ-START: GET /
2026-03-26T14:25:36.919759+0530 | INFO | REQ-END: GET / (took 0.0019s)
2026-03-26T14:25:45.454582+0530 | INFO | REQ-START: POST /login
2026-03-26T14:25:45.456746+0530 | ERROR | Global Error: malformed bcrypt hash (checksum must be exactly 31 chars) | Path: /login
2026-03-26T14:29:35.446756+0530 | INFO | REQ-START: GET /
2026-03-26T14:29:35.449822+0530 | INFO | REQ-END: GET / (took 0.0019s)
2026-03-26T14:30:14.543928+0530 | INFO | REQ-START: POST /login
2026-03-26T14:30:14.544856+0530 | INFO | REQ-START: POST /login
2026-03-26T14:30:14.545610+0530 | INFO | REQ-START: POST /login
2026-03-26T14:30:14.546284+0530 | INFO | REQ-START: POST /login
2026-03-26T14:30:14.546560+0530 | INFO | REQ-START: POST /login
2026-03-26T14:30:14.546852+0530 | INFO | REQ-START: POST /login
2026-03-26T14:30:16.084350+0530 | INFO | REQ-END: POST /login (took 1.5396s)
2026-03-26T14:30:16.085083+0530 | INFO | REQ-END: POST /login (took 1.5395s)
2026-03-26T14:30:16.085601+0530 | INFO | REQ-END: POST /login (took 1.5394s)
2026-03-26T14:30:16.086101+0530 | INFO | REQ-END: POST /login (took 1.5396s)
2026-03-26T14:30:16.086544+0530 | INFO | REQ-END: POST /login (took 1.5397s)
2026-03-26T14:30:16.086977+0530 | INFO | REQ-END: POST /login (took 1.5398s)
2026-03-26T14:30:16.116395+0530 | INFO | REQ-START: GET /
2026-03-26T14:30:16.119404+0530 | INFO | REQ-START: POST /login
2026-03-26T14:30:16.121004+0530 | INFO | REQ-END: GET / (took 0.0035s)
2026-03-26T14:30:16.122769+0530 | INFO | REQ-START: POST /login
2026-03-26T14:30:16.123783+0530 | INFO | REQ-START: POST /login
2026-03-26T14:30:16.125665+0530 | INFO | REQ-START: POST /login
2026-03-26T14:30:16.127322+0530 | INFO | REQ-START: POST /login
2026-03-26T14:30:17.672542+0530 | INFO | REQ-END: POST /login (took 1.5523s)
2026-03-26T14:30:17.673770+0530 | INFO | REQ-START: GET /trend
2026-03-26T14:30:17.676405+0530 | INFO | REQ-END: POST /login (took 1.5529s)
2026-03-26T14:30:17.677057+0530 | INFO | REQ-END: POST /login (took 1.5516s)
2026-03-26T14:30:17.677688+0530 | INFO | REQ-END: POST /login (took 1.5507s)
2026-03-26T14:30:17.678370+0530 | INFO | REQ-END: POST /login (took 1.5504s)
2026-03-26T14:30:17.689072+0530 | INFO | REQ-START: GET /trend
2026-03-26T14:30:38.104326+0530 | INFO | REQ-START: POST /analyze
2026-03-26T14:30:38.109074+0530 | INFO | REQ-END: POST /analyze (took 0.0038s)
2026-03-26T14:30:47.777908+0530 | INFO | REQ-END: GET /trend (took 30.0883s)
2026-03-26T14:30:47.778287+0530 | INFO | REQ-END: GET /trend (took 30.1040s)
2026-03-26T14:30:47.821878+0530 | INFO | REQ-START: GET /stats
2026-03-26T14:31:17.976273+0530 | INFO | REQ-START: POST /analyze
2026-03-26T14:31:17.983769+0530 | INFO | REQ-END: POST /analyze (took 0.0069s)
2026-03-26T14:31:18.236144+0530 | INFO | REQ-END: GET /stats (took 30.4138s)
2026-03-26T14:31:34.620544+0530 | INFO | REQ-START: POST /analyze
2026-03-26T14:31:34.624091+0530 | INFO | REQ-END: POST /analyze (took 0.0031s)
2026-03-26T14:32:30.889409+0530 | INFO | REQ-START: GET /
2026-03-26T14:32:30.892783+0530 | INFO | REQ-END: GET / (took 0.0019s)
2026-03-26T14:32:31.195897+0530 | INFO | REQ-START: GET /trend
2026-03-26T14:32:45.912480+0530 | INFO | REQ-START: GET /
2026-03-26T14:32:45.915691+0530 | INFO | REQ-END: GET / (took 0.0025s)
2026-03-26T14:32:53.027006+0530 | INFO | REQ-START: POST /login
2026-03-26T14:32:53.304141+0530 | INFO | REQ-END: POST /login (took 0.2763s)
2026-03-26T14:32:57.530095+0530 | INFO | REQ-START: POST /login
2026-03-26T14:32:57.790848+0530 | INFO | REQ-END: POST /login (took 0.2598s)
2026-03-26T14:32:57.797274+0530 | INFO | REQ-START: GET /trend
2026-03-26T14:33:01.396470+0530 | INFO | REQ-END: GET /trend (took 30.1997s)
2026-03-26T14:33:12.255897+0530 | INFO | REQ-START: POST /analyze
2026-03-26T14:33:12.265089+0530 | INFO | REQ-END: POST /analyze (took 0.0084s)
2026-03-26T14:33:27.996528+0530 | INFO | REQ-END: GET /trend (took 30.1980s)
2026-03-26T14:33:28.009182+0530 | INFO | REQ-START: GET /stats
2026-03-26T14:33:58.351134+0530 | INFO | REQ-END: GET /stats (took 30.3413s)
2026-03-26T14:34:25.215222+0530 | INFO | REQ-START: GET /
2026-03-26T14:34:25.227430+0530 | INFO | REQ-END: GET / (took 0.0036s)
2026-03-26T14:34:25.577934+0530 | INFO | REQ-START: GET /trend
2026-03-26T14:34:34.202242+0530 | INFO | REQ-START: POST /analyze
2026-03-26T14:34:34.284766+0530 | INFO | REQ-END: POST /analyze (took 0.0814s)
2026-03-26T14:34:55.806516+0530 | INFO | REQ-END: GET /trend (took 30.2273s)
2026-03-26T14:34:55.827202+0530 | INFO | REQ-START: GET /stats
2026-03-26T14:35:14.113152+0530 | ERROR | Background task error for 39d5b57f-5b6e-404a-a94a-8e6fa94155f2: Database error: ac-htf3crg-shard-00-00.wsakufz.mongodb.net:27017: timed out (configured timeouts: socketTimeoutMS: 20000.0ms, connectTimeoutMS: 20000.0ms),ac-htf3crg-shard-00-02.wsakufz.mongodb.net:27017: timed out (configured timeouts: socketTimeoutMS: 20000.0ms, connectTimeoutMS: 20000.0ms),ac-htf3crg-shard-00-01.wsakufz.mongodb.net:27017: timed out (configured timeouts: socketTimeoutMS: 20000.0ms, connectTimeoutMS: 20000.0ms), Timeout: 30s, Topology Description: <TopologyDescription id: 69c4f5a03ce8ef0c2331a7f4, topology_type: ReplicaSetNoPrimary, servers: [<ServerDescription ('ac-htf3crg-shard-00-00.wsakufz.mongodb.net', 27017) server_type: Unknown, rtt: None, error=NetworkTimeout('ac-htf3crg-shard-00-00.wsakufz.mongodb.net:27017: timed out (configured timeouts: socketTimeoutMS: 20000.0ms, connectTimeoutMS: 20000.0ms)')>, <ServerDescription ('ac-htf3crg-shard-00-01.wsakufz.mongodb.net', 27017) server_type: Unknown, rtt: None, error=NetworkTimeout('ac-htf3crg-shard-00-01.wsakufz.mongodb.net:27017: timed out (configured timeouts: socketTimeoutMS: 20000.0ms, connectTimeoutMS: 20000.0ms)')>, <ServerDescription ('ac-htf3crg-shard-00-02.wsakufz.mongodb.net', 27017) server_type: Unknown, rtt: None, error=NetworkTimeout('ac-htf3crg-shard-00-02.wsakufz.mongodb.net:27017: timed out (configured timeouts: socketTimeoutMS: 20000.0ms, connectTimeoutMS: 20000.0ms)')>]>
2026-03-26T14:35:26.018104+0530 | INFO | REQ-END: GET /stats (took 30.1899s)
2026-03-26T14:35:54.869923+0530 | INFO | REQ-START: POST /analyze
2026-03-26T14:35:54.898701+0530 | INFO | REQ-END: POST /analyze (took 0.0277s)
2026-03-26T14:36:00.468503+0530 | INFO | REQ-START: POST /analyze
2026-03-26T14:36:00.495552+0530 | INFO | REQ-END: POST /analyze (took 0.0264s)
2026-03-26T14:36:12.527624+0530 | INFO | REQ-START: POST /analyze
2026-03-26T14:36:12.560170+0530 | INFO | REQ-END: POST /analyze (took 0.0317s)
2026-03-26T14:36:23.516539+0530 | INFO | REQ-START: GET /
2026-03-26T14:36:23.519222+0530 | INFO | REQ-END: GET / (took 0.0020s)
2026-03-26T14:36:23.784607+0530 | INFO | REQ-START: GET /trend
2026-03-26T14:36:28.106189+0530 | INFO | REQ-START: POST /analyze
2026-03-26T14:36:28.138146+0530 | INFO | REQ-END: POST /analyze (took 0.0310s)
2026-03-26T14:36:32.680009+0530 | ERROR | Background task error for 7b3f7e3e-eca1-44f4-aff3-d5f87fec90b6: Database error: ac-htf3crg-shard-00-00.wsakufz.mongodb.net:27017: timed out (configured timeouts: socketTimeoutMS: 20000.0ms, connectTimeoutMS: 20000.0ms),ac-htf3crg-shard-00-02.wsakufz.mongodb.net:27017: timed out (configured timeouts: socketTimeoutMS: 20000.0ms, connectTimeoutMS: 20000.0ms),ac-htf3crg-shard-00-01.wsakufz.mongodb.net:27017: timed out (configured timeouts: socketTimeoutMS: 20000.0ms, connectTimeoutMS: 20000.0ms), Timeout: 30s, Topology Description: <TopologyDescription id: 69c4f5a03ce8ef0c2331a7f4, topology_type: ReplicaSetNoPrimary, servers: [<ServerDescription ('ac-htf3crg-shard-00-00.wsakufz.mongodb.net', 27017) server_type: Unknown, rtt: None, error=NetworkTimeout('ac-htf3crg-shard-00-00.wsakufz.mongodb.net:27017: timed out (configured timeouts: socketTimeoutMS: 20000.0ms, connectTimeoutMS: 20000.0ms)')>, <ServerDescription ('ac-htf3crg-shard-00-01.wsakufz.mongodb.net', 27017) server_type: Unknown, rtt: None, error=NetworkTimeout('ac-htf3crg-shard-00-01.wsakufz.mongodb.net:27017: timed out (configured timeouts: socketTimeoutMS: 20000.0ms, connectTimeoutMS: 20000.0ms)')>, <ServerDescription ('ac-htf3crg-shard-00-02.wsakufz.mongodb.net', 27017) server_type: Unknown, rtt: None, error=NetworkTimeout('ac-htf3crg-shard-00-02.wsakufz.mongodb.net:27017: timed out (configured timeouts: socketTimeoutMS: 20000.0ms, connectTimeoutMS: 20000.0ms)')>]>
2026-03-26T14:36:37.362345+0530 | ERROR | Background task error for 3749d56e-90dd-4637-882b-2baaf73f1a73: Database error: ac-htf3crg-shard-00-00.wsakufz.mongodb.net:27017: timed out (configured timeouts: socketTimeoutMS: 20000.0ms, connectTimeoutMS: 20000.0ms),ac-htf3crg-shard-00-02.wsakufz.mongodb.net:27017: timed out (configured timeouts: socketTimeoutMS: 20000.0ms, connectTimeoutMS: 20000.0ms),ac-htf3crg-shard-00-01.wsakufz.mongodb.net:27017: timed out (configured timeouts: socketTimeoutMS: 20000.0ms, connectTimeoutMS: 20000.0ms), Timeout: 30s, Topology Description: <TopologyDescription id: 69c4f5a03ce8ef0c2331a7f4, topology_type: ReplicaSetNoPrimary, servers: [<ServerDescription ('ac-htf3crg-shard-00-00.wsakufz.mongodb.net', 27017) server_type: Unknown, rtt: None, error=NetworkTimeout('ac-htf3crg-shard-00-00.wsakufz.mongodb.net:27017: timed out (configured timeouts: socketTimeoutMS: 20000.0ms, connectTimeoutMS: 20000.0ms)')>, <ServerDescription ('ac-htf3crg-shard-00-01.wsakufz.mongodb.net', 27017) server_type: Unknown, rtt: None, error=NetworkTimeout('ac-htf3crg-shard-00-01.wsakufz.mongodb.net:27017: timed out (configured timeouts: socketTimeoutMS: 20000.0ms, connectTimeoutMS: 20000.0ms)')>, <ServerDescription ('ac-htf3crg-shard-00-02.wsakufz.mongodb.net', 27017) server_type: Unknown, rtt: None, error=NetworkTimeout('ac-htf3crg-shard-00-02.wsakufz.mongodb.net:27017: timed out (configured timeouts: socketTimeoutMS: 20000.0ms, connectTimeoutMS: 20000.0ms)')>]>
2026-03-26T14:36:45.822826+0530 | INFO | REQ-START: POST /analyze
2026-03-26T14:36:45.861803+0530 | INFO | REQ-END: POST /analyze (took 0.0383s)
2026-03-26T14:36:48.048107+0530 | ERROR | Background task error for 06e54a18-6c3d-4efc-bc50-f30330cffbf7: Database error: ac-htf3crg-shard-00-00.wsakufz.mongodb.net:27017: timed out (configured timeouts: socketTimeoutMS: 20000.0ms, connectTimeoutMS: 20000.0ms),ac-htf3crg-shard-00-02.wsakufz.mongodb.net:27017: timed out (configured timeouts: socketTimeoutMS: 20000.0ms, connectTimeoutMS: 20000.0ms),ac-htf3crg-shard-00-01.wsakufz.mongodb.net:27017: timed out (configured timeouts: socketTimeoutMS: 20000.0ms, connectTimeoutMS: 20000.0ms), Timeout: 30s, Topology Description: <TopologyDescription id: 69c4f5a03ce8ef0c2331a7f4, topology_type: ReplicaSetNoPrimary, servers: [<ServerDescription ('ac-htf3crg-shard-00-00.wsakufz.mongodb.net', 27017) server_type: Unknown, rtt: None, error=NetworkTimeout('ac-htf3crg-shard-00-00.wsakufz.mongodb.net:27017: timed out (configured timeouts: socketTimeoutMS: 20000.0ms, connectTimeoutMS: 20000.0ms)')>, <ServerDescription ('ac-htf3crg-shard-00-01.wsakufz.mongodb.net', 27017) server_type: Unknown, rtt: None, error=NetworkTimeout('ac-htf3crg-shard-00-01.wsakufz.mongodb.net:27017: timed out (configured timeouts: socketTimeoutMS: 20000.0ms, connectTimeoutMS: 20000.0ms)')>, <ServerDescription ('ac-htf3crg-shard-00-02.wsakufz.mongodb.net', 27017) server_type: Unknown, rtt: None, error=NetworkTimeout('ac-htf3crg-shard-00-02.wsakufz.mongodb.net:27017: timed out (configured timeouts: socketTimeoutMS: 20000.0ms, connectTimeoutMS: 20000.0ms)')>]>
2026-03-26T14:36:54.161324+0530 | INFO | REQ-END: GET /trend (took 30.3758s)
2026-03-26T14:36:54.171666+0530 | INFO | REQ-START: GET /stats
2026-03-26T14:37:05.550665+0530 | ERROR | Background task error for 79c5acc5-e80d-4b96-9b40-314aad13d8f1: Database error: ac-htf3crg-shard-00-00.wsakufz.mongodb.net:27017: timed out (configured timeouts: socketTimeoutMS: 20000.0ms, connectTimeoutMS: 20000.0ms),ac-htf3crg-shard-00-02.wsakufz.mongodb.net:27017: timed out (configured timeouts: socketTimeoutMS: 20000.0ms, connectTimeoutMS: 20000.0ms),ac-htf3crg-shard-00-01.wsakufz.mongodb.net:27017: timed out (configured timeouts: socketTimeoutMS: 20000.0ms, connectTimeoutMS: 20000.0ms), Timeout: 30s, Topology Description: <TopologyDescription id: 69c4f5a03ce8ef0c2331a7f4, topology_type: ReplicaSetNoPrimary, servers: [<ServerDescription ('ac-htf3crg-shard-00-00.wsakufz.mongodb.net', 27017) server_type: Unknown, rtt: None, error=NetworkTimeout('ac-htf3crg-shard-00-00.wsakufz.mongodb.net:27017: timed out (configured timeouts: socketTimeoutMS: 20000.0ms, connectTimeoutMS: 20000.0ms)')>, <ServerDescription ('ac-htf3crg-shard-00-01.wsakufz.mongodb.net', 27017) server_type: Unknown, rtt: None, error=NetworkTimeout('ac-htf3crg-shard-00-01.wsakufz.mongodb.net:27017: timed out (configured timeouts: socketTimeoutMS: 20000.0ms, connectTimeoutMS: 20000.0ms)')>, <ServerDescription ('ac-htf3crg-shard-00-02.wsakufz.mongodb.net', 27017) server_type: Unknown, rtt: None, error=NetworkTimeout('ac-htf3crg-shard-00-02.wsakufz.mongodb.net:27017: timed out (configured timeouts: socketTimeoutMS: 20000.0ms, connectTimeoutMS: 20000.0ms)')>]>
2026-03-26T14:37:21.445002+0530 | ERROR | Background task error for 7169a7ee-f892-4686-8db2-fb173b7b6048: Database error: ac-htf3crg-shard-00-00.wsakufz.mongodb.net:27017: timed out (configured timeouts: socketTimeoutMS: 20000.0ms, connectTimeoutMS: 20000.0ms),ac-htf3crg-shard-00-02.wsakufz.mongodb.net:27017: timed out (configured timeouts: socketTimeoutMS: 20000.0ms, connectTimeoutMS: 20000.0ms),ac-htf3crg-shard-00-01.wsakufz.mongodb.net:27017: timed out (configured timeouts: socketTimeoutMS: 20000.0ms, connectTimeoutMS: 20000.0ms), Timeout: 30s, Topology Description: <TopologyDescription id: 69c4f5a03ce8ef0c2331a7f4, topology_type: ReplicaSetNoPrimary, servers: [<ServerDescription ('ac-htf3crg-shard-00-00.wsakufz.mongodb.net', 27017) server_type: Unknown, rtt: None, error=NetworkTimeout('ac-htf3crg-shard-00-00.wsakufz.mongodb.net:27017: timed out (configured timeouts: socketTimeoutMS: 20000.0ms, connectTimeoutMS: 20000.0ms)')>, <ServerDescription ('ac-htf3crg-shard-00-01.wsakufz.mongodb.net', 27017) server_type: Unknown, rtt: None, error=NetworkTimeout('ac-htf3crg-shard-00-01.wsakufz.mongodb.net:27017: timed out (configured timeouts: socketTimeoutMS: 20000.0ms, connectTimeoutMS: 20000.0ms)')>, <ServerDescription ('ac-htf3crg-shard-00-02.wsakufz.mongodb.net', 27017) server_type: Unknown, rtt: None, error=NetworkTimeout('ac-htf3crg-shard-00-02.wsakufz.mongodb.net:27017: timed out (configured timeouts: socketTimeoutMS: 20000.0ms, connectTimeoutMS: 20000.0ms)')>]>
2026-03-26T14:37:24.506698+0530 | INFO | REQ-END: GET /stats (took 30.3336s)
2026-03-26T14:45:12.718191+0530 | INFO | REQ-START: GET /
2026-03-26T14:45:12.737223+0530 | INFO | REQ-END: GET / (took 0.0090s)
2026-03-26T14:45:12.918380+0530 | INFO | REQ-START: GET /trend
2026-03-26T14:45:14.113711+0530 | INFO | REQ-START: GET /
2026-03-26T14:45:14.119532+0530 | INFO | REQ-END: GET / (took 0.0026s)
2026-03-26T14:45:14.177895+0530 | INFO | REQ-START: GET /trend
2026-03-26T14:45:22.017309+0530 | INFO | REQ-START: POST /analyze/batch
2026-03-26T14:45:22.087754+0530 | INFO | REQ-END: POST /analyze/batch (took 0.0674s)
2026-03-26T14:45:43.284209+0530 | INFO | REQ-END: GET /trend (took 30.3642s)
2026-03-26T14:45:44.305199+0530 | INFO | REQ-END: GET /trend (took 30.1266s)
2026-03-26T14:45:44.330095+0530 | INFO | REQ-START: GET /stats
2026-03-26T14:45:57.609371+0530 | ERROR | Background task error for 650d1dab-6864-4c3d-9542-e6c70abf58b2: Database error: ac-htf3crg-shard-00-00.wsakufz.mongodb.net:27017: timed out (configured timeouts: socketTimeoutMS: 20000.0ms, connectTimeoutMS: 20000.0ms),ac-htf3crg-shard-00-02.wsakufz.mongodb.net:27017: timed out (configured timeouts: socketTimeoutMS: 20000.0ms, connectTimeoutMS: 20000.0ms),ac-htf3crg-shard-00-01.wsakufz.mongodb.net:27017: timed out (configured timeouts: socketTimeoutMS: 20000.0ms, connectTimeoutMS: 20000.0ms), Timeout: 30s, Topology Description: <TopologyDescription id: 69c4f5a03ce8ef0c2331a7f4, topology_type: ReplicaSetNoPrimary, servers: [<ServerDescription ('ac-htf3crg-shard-00-00.wsakufz.mongodb.net', 27017) server_type: Unknown, rtt: None, error=NetworkTimeout('ac-htf3crg-shard-00-00.wsakufz.mongodb.net:27017: timed out (configured timeouts: socketTimeoutMS: 20000.0ms, connectTimeoutMS: 20000.0ms)')>, <ServerDescription ('ac-htf3crg-shard-00-01.wsakufz.mongodb.net', 27017) server_type: Unknown, rtt: None, error=NetworkTimeout('ac-htf3crg-shard-00-01.wsakufz.mongodb.net:27017: timed out (configured timeouts: socketTimeoutMS: 20000.0ms, connectTimeoutMS: 20000.0ms)')>, <ServerDescription ('ac-htf3crg-shard-00-02.wsakufz.mongodb.net', 27017) server_type: Unknown, rtt: None, error=NetworkTimeout('ac-htf3crg-shard-00-02.wsakufz.mongodb.net:27017: timed out (configured timeouts: socketTimeoutMS: 20000.0ms, connectTimeoutMS: 20000.0ms)')>]>
2026-03-26T14:46:14.497802+0530 | INFO | REQ-END: GET /stats (took 30.1671s)
2026-03-26T14:46:32.483864+0530 | ERROR | Background task error for b18ce298-be5f-494d-99b5-b412f7da573d: Database error: ac-htf3crg-shard-00-00.wsakufz.mongodb.net:27017: timed out (configured timeouts: socketTimeoutMS: 20000.0ms, connectTimeoutMS: 20000.0ms),ac-htf3crg-shard-00-02.wsakufz.mongodb.net:27017: timed out (configured timeouts: socketTimeoutMS: 20000.0ms, connectTimeoutMS: 20000.0ms),ac-htf3crg-shard-00-01.wsakufz.mongodb.net:27017: timed out (configured timeouts: socketTimeoutMS: 20000.0ms, connectTimeoutMS: 20000.0ms), Timeout: 30s, Topology Description: <TopologyDescription id: 69c4f5a03ce8ef0c2331a7f4, topology_type: ReplicaSetNoPrimary, servers: [<ServerDescription ('ac-htf3crg-shard-00-00.wsakufz.mongodb.net', 27017) server_type: Unknown, rtt: None, error=NetworkTimeout('ac-htf3crg-shard-00-00.wsakufz.mongodb.net:27017: timed out (configured timeouts: socketTimeoutMS: 20000.0ms, connectTimeoutMS: 20000.0ms)')>, <ServerDescription ('ac-htf3crg-shard-00-01.wsakufz.mongodb.net', 27017) server_type: Unknown, rtt: None, error=NetworkTimeout('ac-htf3crg-shard-00-01.wsakufz.mongodb.net:27017: timed out (configured timeouts: socketTimeoutMS: 20000.0ms, connectTimeoutMS: 20000.0ms)')>, <ServerDescription ('ac-htf3crg-shard-00-02.wsakufz.mongodb.net', 27017) server_type: Unknown, rtt: None, error=NetworkTimeout('ac-htf3crg-shard-00-02.wsakufz.mongodb.net:27017: timed out (configured timeouts: socketTimeoutMS: 20000.0ms, connectTimeoutMS: 20000.0ms)')>]>
2026-03-26T14:58:06.897507+0530 | INFO | REQ-START: GET /
2026-03-26T14:58:06.927769+0530 | INFO | REQ-END: GET / (took 0.0136s)
2026-03-26T15:16:09.860051+0530 | INFO | REQ-START: GET /
2026-03-26T15:16:09.871922+0530 | INFO | REQ-END: GET / (took 0.0046s)
2026-03-26T15:16:22.914987+0530 | INFO | REQ-START: POST /login
2026-03-26T15:16:23.701911+0530 | INFO | REQ-END: POST /login (took 0.7828s)
2026-03-26T15:16:23.731891+0530 | INFO | REQ-START: GET /trend
2026-03-26T15:16:45.959555+0530 | INFO | REQ-START: POST /analyze
2026-03-26T15:16:45.994722+0530 | INFO | REQ-END: POST /analyze (took 0.0336s)
2026-03-26T15:16:53.778395+0530 | INFO | REQ-END: GET /trend (took 30.0451s)
2026-03-26T15:16:53.872540+0530 | INFO | REQ-START: GET /stats
2026-03-26T15:16:59.828483+0530 | INFO | REQ-START: POST /analyze/batch
2026-03-26T15:16:59.846363+0530 | INFO | REQ-END: POST /analyze/batch (took 0.0167s)
2026-03-26T15:17:23.988448+0530 | INFO | REQ-END: GET /stats (took 30.1138s)
2026-03-26T15:17:25.061232+0530 | ERROR | Background task error for a451e7ba-eb7a-4e15-b574-9a586d7f12f2: Database error: ac-htf3crg-shard-00-02.wsakufz.mongodb.net:27017: timed out (configured timeouts: socketTimeoutMS: 20000.0ms, connectTimeoutMS: 20000.0ms),ac-htf3crg-shard-00-01.wsakufz.mongodb.net:27017: timed out (configured timeouts: socketTimeoutMS: 20000.0ms, connectTimeoutMS: 20000.0ms),ac-htf3crg-shard-00-00.wsakufz.mongodb.net:27017: timed out (configured timeouts: socketTimeoutMS: 20000.0ms, connectTimeoutMS: 20000.0ms), Timeout: 30s, Topology Description: <TopologyDescription id: 69c50061ecdc3f936c0082f0, topology_type: ReplicaSetNoPrimary, servers: [<ServerDescription ('ac-htf3crg-shard-00-00.wsakufz.mongodb.net', 27017) server_type: Unknown, rtt: None, error=NetworkTimeout('ac-htf3crg-shard-00-00.wsakufz.mongodb.net:27017: timed out (configured timeouts: socketTimeoutMS: 20000.0ms, connectTimeoutMS: 20000.0ms)')>, <ServerDescription ('ac-htf3crg-shard-00-01.wsakufz.mongodb.net', 27017) server_type: Unknown, rtt: None, error=NetworkTimeout('ac-htf3crg-shard-00-01.wsakufz.mongodb.net:27017: timed out (configured timeouts: socketTimeoutMS: 20000.0ms, connectTimeoutMS: 20000.0ms)')>, <ServerDescription ('ac-htf3crg-shard-00-02.wsakufz.mongodb.net', 27017) server_type: Unknown, rtt: None, error=NetworkTimeout('ac-htf3crg-shard-00-02.wsakufz.mongodb.net:27017: timed out (configured timeouts: socketTimeoutMS: 20000.0ms, connectTimeoutMS: 20000.0ms)')>]>
2026-03-26T15:17:30.089393+0530 | ERROR | Background task error for 3c2fac19-069d-4c5b-a377-cf946a9ebcd1: Database error: ac-htf3crg-shard-00-02.wsakufz.mongodb.net:27017: timed out (configured timeouts: socketTimeoutMS: 20000.0ms, connectTimeoutMS: 20000.0ms),ac-htf3crg-shard-00-01.wsakufz.mongodb.net:27017: timed out (configured timeouts: socketTimeoutMS: 20000.0ms, connectTimeoutMS: 20000.0ms),ac-htf3crg-shard-00-00.wsakufz.mongodb.net:27017: timed out (configured timeouts: socketTimeoutMS: 20000.0ms, connectTimeoutMS: 20000.0ms), Timeout: 30s, Topology Description: <TopologyDescription id: 69c50061ecdc3f936c0082f0, topology_type: ReplicaSetNoPrimary, servers: [<ServerDescription ('ac-htf3crg-shard-00-00.wsakufz.mongodb.net', 27017) server_type: Unknown, rtt: None, error=NetworkTimeout('ac-htf3crg-shard-00-00.wsakufz.mongodb.net:27017: timed out (configured timeouts: socketTimeoutMS: 20000.0ms, connectTimeoutMS: 20000.0ms)')>, <ServerDescription ('ac-htf3crg-shard-00-01.wsakufz.mongodb.net', 27017) server_type: Unknown, rtt: None, error=NetworkTimeout('ac-htf3crg-shard-00-01.wsakufz.mongodb.net:27017: timed out (configured timeouts: socketTimeoutMS: 20000.0ms, connectTimeoutMS: 20000.0ms)')>, <ServerDescription ('ac-htf3crg-shard-00-02.wsakufz.mongodb.net', 27017) server_type: Unknown, rtt: None, error=NetworkTimeout('ac-htf3crg-shard-00-02.wsakufz.mongodb.net:27017: timed out (configured timeouts: socketTimeoutMS: 20000.0ms, connectTimeoutMS: 20000.0ms)')>]>
2026-03-26T15:18:00.548987+0530 | ERROR | Background task error for 9b69094c-4f34-4378-b777-62b90ba5936d: Database error: ac-htf3crg-shard-00-02.wsakufz.mongodb.net:27017: timed out (configured timeouts: socketTimeoutMS: 20000.0ms, connectTimeoutMS: 20000.0ms),ac-htf3crg-shard-00-01.wsakufz.mongodb.net:27017: timed out (configured timeouts: socketTimeoutMS: 20000.0ms, connectTimeoutMS: 20000.0ms),ac-htf3crg-shard-00-00.wsakufz.mongodb.net:27017: timed out (configured timeouts: socketTimeoutMS: 20000.0ms, connectTimeoutMS: 20000.0ms), Timeout: 30s, Topology Description: <TopologyDescription id: 69c50061ecdc3f936c0082f0, topology_type: ReplicaSetNoPrimary, servers: [<ServerDescription ('ac-htf3crg-shard-00-00.wsakufz.mongodb.net', 27017) server_type: Unknown, rtt: None, error=NetworkTimeout('ac-htf3crg-shard-00-00.wsakufz.mongodb.net:27017: timed out (configured timeouts: socketTimeoutMS: 20000.0ms, connectTimeoutMS: 20000.0ms)')>, <ServerDescription ('ac-htf3crg-shard-00-01.wsakufz.mongodb.net', 27017) server_type: Unknown, rtt: None, error=NetworkTimeout('ac-htf3crg-shard-00-01.wsakufz.mongodb.net:27017: timed out (configured timeouts: socketTimeoutMS: 20000.0ms, connectTimeoutMS: 20000.0ms)')>, <ServerDescription ('ac-htf3crg-shard-00-02.wsakufz.mongodb.net', 27017) server_type: Unknown, rtt: None, error=NetworkTimeout('ac-htf3crg-shard-00-02.wsakufz.mongodb.net:27017: timed out (configured timeouts: socketTimeoutMS: 20000.0ms, connectTimeoutMS: 20000.0ms)')>]>
2026-03-26T15:46:05.336151+0530 | INFO | REQ-START: GET /
2026-03-26T15:46:05.354282+0530 | INFO | REQ-END: GET / (took 0.0128s)
2026-03-26T15:46:06.460433+0530 | INFO | REQ-START: GET /favicon.ico
2026-03-26T15:46:06.465414+0530 | INFO | REQ-END: GET /favicon.ico (took 0.0017s)
2026-03-26T15:46:20.550277+0530 | INFO | REQ-START: POST /login
2026-03-26T15:46:21.104004+0530 | INFO | REQ-END: POST /login (took 0.5432s)
2026-03-26T15:49:01.720277+0530 | INFO | REQ-START: GET /
2026-03-26T15:49:01.752684+0530 | INFO | REQ-END: GET / (took 0.0140s)
2026-03-26T15:50:31.631490+0530 | INFO | REQ-START: GET /trend
2026-03-26T15:50:31.634747+0530 | INFO | REQ-START: POST /analyze
2026-03-26T15:50:32.622389+0530 | INFO | REQ-END: POST /analyze (took 0.9868s)
2026-03-26T15:51:11.525775+0530 | ERROR | Background task error for 5b7d32b2-7ea6-4377-af7b-b07085f8a688: Database error: ac-htf3crg-shard-00-01.wsakufz.mongodb.net:27017: timed out (configured timeouts: socketTimeoutMS: 20000.0ms, connectTimeoutMS: 20000.0ms),ac-htf3crg-shard-00-00.wsakufz.mongodb.net:27017: timed out (configured timeouts: socketTimeoutMS: 20000.0ms, connectTimeoutMS: 20000.0ms),ac-htf3crg-shard-00-02.wsakufz.mongodb.net:27017: timed out (configured timeouts: socketTimeoutMS: 20000.0ms, connectTimeoutMS: 20000.0ms), Timeout: 30s, Topology Description: <TopologyDescription id: 69c5086f80d132f729b1fdd7, topology_type: ReplicaSetNoPrimary, servers: [<ServerDescription ('ac-htf3crg-shard-00-00.wsakufz.mongodb.net', 27017) server_type: Unknown, rtt: None, error=NetworkTimeout('ac-htf3crg-shard-00-00.wsakufz.mongodb.net:27017: timed out (configured timeouts: socketTimeoutMS: 20000.0ms, connectTimeoutMS: 20000.0ms)')>, <ServerDescription ('ac-htf3crg-shard-00-01.wsakufz.mongodb.net', 27017) server_type: Unknown, rtt: None, error=NetworkTimeout('ac-htf3crg-shard-00-01.wsakufz.mongodb.net:27017: timed out (configured timeouts: socketTimeoutMS: 20000.0ms, connectTimeoutMS: 20000.0ms)')>, <ServerDescription ('ac-htf3crg-shard-00-02.wsakufz.mongodb.net', 27017) server_type: Unknown, rtt: None, error=NetworkTimeout('ac-htf3crg-shard-00-02.wsakufz.mongodb.net:27017: timed out (configured timeouts: socketTimeoutMS: 20000.0ms, connectTimeoutMS: 20000.0ms)')>]>
2026-03-26T15:51:32.574234+0530 | INFO | REQ-END: GET /trend (took 60.9403s)
2026-03-26T15:51:32.680129+0530 | INFO | REQ-START: GET /stats
2026-03-26T15:52:33.080407+0530 | INFO | REQ-END: GET /stats (took 60.3996s)
2026-03-26T15:53:55.131744+0530 | INFO | REQ-START: GET /
2026-03-26T15:53:55.162247+0530 | INFO | REQ-END: GET / (took 0.0278s)
2026-03-26T15:53:55.465541+0530 | INFO | REQ-START: GET /trend
2026-03-26T15:54:15.482715+0530 | INFO | REQ-START: POST /analyze
2026-03-26T15:54:17.456532+0530 | INFO | REQ-END: POST /analyze (took 1.9727s)
2026-03-26T15:54:25.764300+0530 | INFO | REQ-END: GET /trend (took 30.2979s)
2026-03-26T15:54:25.790336+0530 | INFO | REQ-START: GET /stats
2026-03-26T15:54:31.740579+0530 | INFO | REQ-START: POST /analyze/batch
2026-03-26T15:54:31.768314+0530 | INFO | REQ-END: POST /analyze/batch (took 0.0265s)
2026-03-26T15:54:52.506021+0530 | ERROR | Background task error for 4bd824c3-e7ac-4b9c-8efa-9bbddc5f0d35: Database error: ac-htf3crg-shard-00-01.wsakufz.mongodb.net:27017: timed out (configured timeouts: socketTimeoutMS: 20000.0ms, connectTimeoutMS: 20000.0ms),ac-htf3crg-shard-00-00.wsakufz.mongodb.net:27017: timed out (configured timeouts: socketTimeoutMS: 20000.0ms, connectTimeoutMS: 20000.0ms),ac-htf3crg-shard-00-02.wsakufz.mongodb.net:27017: timed out (configured timeouts: socketTimeoutMS: 20000.0ms, connectTimeoutMS: 20000.0ms), Timeout: 30s, Topology Description: <TopologyDescription id: 69c5086f80d132f729b1fdd7, topology_type: ReplicaSetNoPrimary, servers: [<ServerDescription ('ac-htf3crg-shard-00-00.wsakufz.mongodb.net', 27017) server_type: Unknown, rtt: None, error=NetworkTimeout('ac-htf3crg-shard-00-00.wsakufz.mongodb.net:27017: timed out (configured timeouts: socketTimeoutMS: 20000.0ms, connectTimeoutMS: 20000.0ms)')>, <ServerDescription ('ac-htf3crg-shard-00-01.wsakufz.mongodb.net', 27017) server_type: Unknown, rtt: None, error=NetworkTimeout('ac-htf3crg-shard-00-01.wsakufz.mongodb.net:27017: timed out (configured timeouts: socketTimeoutMS: 20000.0ms, connectTimeoutMS: 20000.0ms)')>, <ServerDescription ('ac-htf3crg-shard-00-02.wsakufz.mongodb.net', 27017) server_type: Unknown, rtt: None, error=NetworkTimeout('ac-htf3crg-shard-00-02.wsakufz.mongodb.net:27017: timed out (configured timeouts: socketTimeoutMS: 20000.0ms, connectTimeoutMS: 20000.0ms)')>]>
2026-03-26T15:55:02.184866+0530 | ERROR | Background task error for 219ba4a7-17cd-45bb-800d-bb40eca58626: Database error: ac-htf3crg-shard-00-01.wsakufz.mongodb.net:27017: timed out (configured timeouts: socketTimeoutMS: 20000.0ms, connectTimeoutMS: 20000.0ms),ac-htf3crg-shard-00-00.wsakufz.mongodb.net:27017: timed out (configured timeouts: socketTimeoutMS: 20000.0ms, connectTimeoutMS: 20000.0ms),ac-htf3crg-shard-00-02.wsakufz.mongodb.net:27017: timed out (configured timeouts: socketTimeoutMS: 20000.0ms, connectTimeoutMS: 20000.0ms), Timeout: 30s, Topology Description: <TopologyDescription id: 69c5086f80d132f729b1fdd7, topology_type: ReplicaSetNoPrimary, servers: [<ServerDescription ('ac-htf3crg-shard-00-00.wsakufz.mongodb.net', 27017) server_type: Unknown, rtt: None, error=NetworkTimeout('ac-htf3crg-shard-00-00.wsakufz.mongodb.net:27017: timed out (configured timeouts: socketTimeoutMS: 20000.0ms, connectTimeoutMS: 20000.0ms)')>, <ServerDescription ('ac-htf3crg-shard-00-01.wsakufz.mongodb.net', 27017) server_type: Unknown, rtt: None, error=NetworkTimeout('ac-htf3crg-shard-00-01.wsakufz.mongodb.net:27017: timed out (configured timeouts: socketTimeoutMS: 20000.0ms, connectTimeoutMS: 20000.0ms)')>, <ServerDescription ('ac-htf3crg-shard-00-02.wsakufz.mongodb.net', 27017) server_type: Unknown, rtt: None, error=NetworkTimeout('ac-htf3crg-shard-00-02.wsakufz.mongodb.net:27017: timed out (configured timeouts: socketTimeoutMS: 20000.0ms, connectTimeoutMS: 20000.0ms)')>]>
2026-03-26T15:55:26.308266+0530 | INFO | REQ-END: GET /stats (took 60.5173s)
2026-03-26T15:55:32.549979+0530 | ERROR | Background task error for af7f5286-319a-4f6e-b76e-48d781b83208: Database error: ac-htf3crg-shard-00-01.wsakufz.mongodb.net:27017: timed out (configured timeouts: socketTimeoutMS: 20000.0ms, connectTimeoutMS: 20000.0ms),ac-htf3crg-shard-00-00.wsakufz.mongodb.net:27017: timed out (configured timeouts: socketTimeoutMS: 20000.0ms, connectTimeoutMS: 20000.0ms),ac-htf3crg-shard-00-02.wsakufz.mongodb.net:27017: timed out (configured timeouts: socketTimeoutMS: 20000.0ms, connectTimeoutMS: 20000.0ms), Timeout: 30s, Topology Description: <TopologyDescription id: 69c5086f80d132f729b1fdd7, topology_type: ReplicaSetNoPrimary, servers: [<ServerDescription ('ac-htf3crg-shard-00-00.wsakufz.mongodb.net', 27017) server_type: Unknown, rtt: None, error=NetworkTimeout('ac-htf3crg-shard-00-00.wsakufz.mongodb.net:27017: timed out (configured timeouts: socketTimeoutMS: 20000.0ms, connectTimeoutMS: 20000.0ms)')>, <ServerDescription ('ac-htf3crg-shard-00-01.wsakufz.mongodb.net', 27017) server_type: Unknown, rtt: None, error=NetworkTimeout('ac-htf3crg-shard-00-01.wsakufz.mongodb.net:27017: timed out (configured timeouts: socketTimeoutMS: 20000.0ms, connectTimeoutMS: 20000.0ms)')>, <ServerDescription ('ac-htf3crg-shard-00-02.wsakufz.mongodb.net', 27017) server_type: Unknown, rtt: None, error=NetworkTimeout('ac-htf3crg-shard-00-02.wsakufz.mongodb.net:27017: timed out (configured timeouts: socketTimeoutMS: 20000.0ms, connectTimeoutMS: 20000.0ms)')>]>
2026-03-26T15:57:11.139538+0530 | INFO | REQ-START: POST /analyze/batch
2026-03-26T15:57:11.167406+0530 | INFO | REQ-END: POST /analyze/batch (took 0.0270s)
2026-03-26T15:57:18.517468+0530 | INFO | REQ-START: POST /analyze/batch
2026-03-26T15:57:18.527111+0530 | INFO | REQ-END: POST /analyze/batch (took 0.0088s)
2026-03-26T15:57:39.645837+0530 | INFO | REQ-START: POST /analyze/batch
2026-03-26T15:57:39.665198+0530 | INFO | REQ-END: POST /analyze/batch (took 0.0183s)
2026-03-26T15:57:41.310401+0530 | ERROR | Background task error for 32f79541-a435-45bb-9db3-9368f263132d: Database error: ac-htf3crg-shard-00-01.wsakufz.mongodb.net:27017: timed out (configured timeouts: socketTimeoutMS: 20000.0ms, connectTimeoutMS: 20000.0ms),ac-htf3crg-shard-00-00.wsakufz.mongodb.net:27017: timed out (configured timeouts: socketTimeoutMS: 20000.0ms, connectTimeoutMS: 20000.0ms),ac-htf3crg-shard-00-02.wsakufz.mongodb.net:27017: timed out (configured timeouts: socketTimeoutMS: 20000.0ms, connectTimeoutMS: 20000.0ms), Timeout: 30s, Topology Description: <TopologyDescription id: 69c5086f80d132f729b1fdd7, topology_type: ReplicaSetNoPrimary, servers: [<ServerDescription ('ac-htf3crg-shard-00-00.wsakufz.mongodb.net', 27017) server_type: Unknown, rtt: None, error=NetworkTimeout('ac-htf3crg-shard-00-00.wsakufz.mongodb.net:27017: timed out (configured timeouts: socketTimeoutMS: 20000.0ms, connectTimeoutMS: 20000.0ms)')>, <ServerDescription ('ac-htf3crg-shard-00-01.wsakufz.mongodb.net', 27017) server_type: Unknown, rtt: None, error=NetworkTimeout('ac-htf3crg-shard-00-01.wsakufz.mongodb.net:27017: timed out (configured timeouts: socketTimeoutMS: 20000.0ms, connectTimeoutMS: 20000.0ms)')>, <ServerDescription ('ac-htf3crg-shard-00-02.wsakufz.mongodb.net', 27017) server_type: Unknown, rtt: None, error=NetworkTimeout('ac-htf3crg-shard-00-02.wsakufz.mongodb.net:27017: timed out (configured timeouts: socketTimeoutMS: 20000.0ms, connectTimeoutMS: 20000.0ms)')>]>
2026-03-26T15:57:48.950370+0530 | ERROR | Background task error for 7f3e6225-821b-4fcb-8faf-4c133443e321: Database error: ac-htf3crg-shard-00-01.wsakufz.mongodb.net:27017: timed out (configured timeouts: socketTimeoutMS: 20000.0ms, connectTimeoutMS: 20000.0ms),ac-htf3crg-shard-00-00.wsakufz.mongodb.net:27017: timed out (configured timeouts: socketTimeoutMS: 20000.0ms, connectTimeoutMS: 20000.0ms),ac-htf3crg-shard-00-02.wsakufz.mongodb.net:27017: timed out (configured timeouts: socketTimeoutMS: 20000.0ms, connectTimeoutMS: 20000.0ms), Timeout: 30s, Topology Description: <TopologyDescription id: 69c5086f80d132f729b1fdd7, topology_type: ReplicaSetNoPrimary, servers: [<ServerDescription ('ac-htf3crg-shard-00-00.wsakufz.mongodb.net', 27017) server_type: Unknown, rtt: None, error=NetworkTimeout('ac-htf3crg-shard-00-00.wsakufz.mongodb.net:27017: timed out (configured timeouts: socketTimeoutMS: 20000.0ms, connectTimeoutMS: 20000.0ms)')>, <ServerDescription ('ac-htf3crg-shard-00-01.wsakufz.mongodb.net', 27017) server_type: Unknown, rtt: None, error=NetworkTimeout('ac-htf3crg-shard-00-01.wsakufz.mongodb.net:27017: timed out (configured timeouts: socketTimeoutMS: 20000.0ms, connectTimeoutMS: 20000.0ms)')>, <ServerDescription ('ac-htf3crg-shard-00-02.wsakufz.mongodb.net', 27017) server_type: Unknown, rtt: None, error=NetworkTimeout('ac-htf3crg-shard-00-02.wsakufz.mongodb.net:27017: timed out (configured timeouts: socketTimeoutMS: 20000.0ms, connectTimeoutMS: 20000.0ms)')>]>
2026-03-26T15:58:11.625372+0530 | ERROR | Background task error for fbdbc6ab-5cdd-4092-b095-c952ee72a767: Database error: ac-htf3crg-shard-00-01.wsakufz.mongodb.net:27017: timed out (configured timeouts: socketTimeoutMS: 20000.0ms, connectTimeoutMS: 20000.0ms),ac-htf3crg-shard-00-00.wsakufz.mongodb.net:27017: timed out (configured timeouts: socketTimeoutMS: 20000.0ms, connectTimeoutMS: 20000.0ms),ac-htf3crg-shard-00-02.wsakufz.mongodb.net:27017: timed out (configured timeouts: socketTimeoutMS: 20000.0ms, connectTimeoutMS: 20000.0ms), Timeout: 30s, Topology Description: <TopologyDescription id: 69c5086f80d132f729b1fdd7, topology_type: ReplicaSetNoPrimary, servers: [<ServerDescription ('ac-htf3crg-shard-00-00.wsakufz.mongodb.net', 27017) server_type: Unknown, rtt: None, error=NetworkTimeout('ac-htf3crg-shard-00-00.wsakufz.mongodb.net:27017: timed out (configured timeouts: socketTimeoutMS: 20000.0ms, connectTimeoutMS: 20000.0ms)')>, <ServerDescription ('ac-htf3crg-shard-00-01.wsakufz.mongodb.net', 27017) server_type: Unknown, rtt: None, error=NetworkTimeout('ac-htf3crg-shard-00-01.wsakufz.mongodb.net:27017: timed out (configured timeouts: socketTimeoutMS: 20000.0ms, connectTimeoutMS: 20000.0ms)')>, <ServerDescription ('ac-htf3crg-shard-00-02.wsakufz.mongodb.net', 27017) server_type: Unknown, rtt: None, error=NetworkTimeout('ac-htf3crg-shard-00-02.wsakufz.mongodb.net:27017: timed out (configured timeouts: socketTimeoutMS: 20000.0ms, connectTimeoutMS: 20000.0ms)')>]>
2026-03-26T15:58:19.252777+0530 | ERROR | Background task error for caee287f-fb24-4b08-8c52-209a35189ee0: Database error: ac-htf3crg-shard-00-01.wsakufz.mongodb.net:27017: timed out (configured timeouts: socketTimeoutMS: 20000.0ms, connectTimeoutMS: 20000.0ms),ac-htf3crg-shard-00-00.wsakufz.mongodb.net:27017: timed out (configured timeouts: socketTimeoutMS: 20000.0ms, connectTimeoutMS: 20000.0ms),ac-htf3crg-shard-00-02.wsakufz.mongodb.net:27017: timed out (configured timeouts: socketTimeoutMS: 20000.0ms, connectTimeoutMS: 20000.0ms), Timeout: 30s, Topology Description: <TopologyDescription id: 69c5086f80d132f729b1fdd7, topology_type: ReplicaSetNoPrimary, servers: [<ServerDescription ('ac-htf3crg-shard-00-00.wsakufz.mongodb.net', 27017) server_type: Unknown, rtt: None, error=NetworkTimeout('ac-htf3crg-shard-00-00.wsakufz.mongodb.net:27017: timed out (configured timeouts: socketTimeoutMS: 20000.0ms, connectTimeoutMS: 20000.0ms)')>, <ServerDescription ('ac-htf3crg-shard-00-01.wsakufz.mongodb.net', 27017) server_type: Unknown, rtt: None, error=NetworkTimeout('ac-htf3crg-shard-00-01.wsakufz.mongodb.net:27017: timed out (configured timeouts: socketTimeoutMS: 20000.0ms, connectTimeoutMS: 20000.0ms)')>, <ServerDescription ('ac-htf3crg-shard-00-02.wsakufz.mongodb.net', 27017) server_type: Unknown, rtt: None, error=NetworkTimeout('ac-htf3crg-shard-00-02.wsakufz.mongodb.net:27017: timed out (configured timeouts: socketTimeoutMS: 20000.0ms, connectTimeoutMS: 20000.0ms)')>]>
2026-03-26T16:25:53.168266+0530 | INFO | REQ-START: GET /
2026-03-26T16:25:53.175101+0530 | INFO | REQ-END: GET / (took 0.0029s)
2026-03-26T16:25:54.039187+0530 | INFO | REQ-START: GET /trend
2026-03-26T16:25:54.051656+0530 | INFO | REQ-END: GET /trend (took 0.0109s)
2026-03-26T16:25:57.712404+0530 | INFO | REQ-START: GET /
2026-03-26T16:25:57.714765+0530 | INFO | REQ-END: GET / (took 0.0016s)
2026-03-26T17:48:47.111793+0530 | INFO | REQ-START: GET /docs
2026-03-26T17:48:47.115118+0530 | INFO | REQ-END: GET /docs (took 0.0010s)
2026-03-26T17:48:47.303927+0530 | INFO | REQ-START: GET /docs
2026-03-26T17:48:47.307688+0530 | INFO | REQ-END: GET /docs (took 0.0015s)
2026-03-26T17:48:47.690033+0530 | INFO | REQ-START: GET /openapi.json
2026-03-26T17:48:47.758763+0530 | INFO | REQ-END: GET /openapi.json (took 0.0679s)
2026-03-26T17:48:54.371720+0530 | INFO | REQ-START: GET /
2026-03-26T17:48:54.374256+0530 | INFO | REQ-END: GET / (took 0.0017s)
2026-03-26T17:48:54.762999+0530 | INFO | REQ-START: GET /favicon.ico
2026-03-26T17:48:54.764831+0530 | INFO | REQ-END: GET /favicon.ico (took 0.0009s)
2026-03-26T17:49:00.115626+0530 | INFO | REQ-START: POST /login
2026-03-26T17:49:30.378011+0530 | ERROR | Global Error: ac-htf3crg-shard-00-00.wsakufz.mongodb.net:27017: timed out (configured timeouts: socketTimeoutMS: 20000.0ms, connectTimeoutMS: 20000.0ms),ac-htf3crg-shard-00-02.wsakufz.mongodb.net:27017: timed out (configured timeouts: socketTimeoutMS: 20000.0ms, connectTimeoutMS: 20000.0ms),ac-htf3crg-shard-00-01.wsakufz.mongodb.net:27017: timed out (configured timeouts: socketTimeoutMS: 20000.0ms, connectTimeoutMS: 20000.0ms), Timeout: 30s, Topology Description: <TopologyDescription id: 69c5242716ea89df964c82ee, topology_type: ReplicaSetNoPrimary, servers: [<ServerDescription ('ac-htf3crg-shard-00-00.wsakufz.mongodb.net', 27017) server_type: Unknown, rtt: None, error=NetworkTimeout('ac-htf3crg-shard-00-00.wsakufz.mongodb.net:27017: timed out (configured timeouts: socketTimeoutMS: 20000.0ms, connectTimeoutMS: 20000.0ms)')>, <ServerDescription ('ac-htf3crg-shard-00-01.wsakufz.mongodb.net', 27017) server_type: Unknown, rtt: None, error=NetworkTimeout('ac-htf3crg-shard-00-01.wsakufz.mongodb.net:27017: timed out (configured timeouts: socketTimeoutMS: 20000.0ms, connectTimeoutMS: 20000.0ms)')>, <ServerDescription ('ac-htf3crg-shard-00-02.wsakufz.mongodb.net', 27017) server_type: Unknown, rtt: None, error=NetworkTimeout('ac-htf3crg-shard-00-02.wsakufz.mongodb.net:27017: timed out (configured timeouts: socketTimeoutMS: 20000.0ms, connectTimeoutMS: 20000.0ms)')>]> | Path: /login
2026-03-26T17:52:09.698116+0530 | INFO | REQ-START: GET /favicon.ico
2026-03-26T17:52:09.704874+0530 | INFO | REQ-END: GET /favicon.ico (took 0.0021s)
2026-03-26T17:57:30.115573+0530 | INFO | REQ-START: GET /
2026-03-26T17:57:30.119876+0530 | INFO | REQ-END: GET / (took 0.0027s)
2026-03-26T17:59:08.464032+0530 | INFO | REQ-START: POST /signup
2026-03-26T17:59:13.476939+0530 | INFO | REQ-START: POST /signup
2026-03-26T17:59:14.214210+0530 | INFO | REQ-START: POST /signup
2026-03-26T17:59:14.368365+0530 | INFO | REQ-START: POST /signup
2026-03-26T17:59:14.584398+0530 | INFO | REQ-START: POST /signup
2026-03-26T17:59:38.526391+0530 | ERROR | Global Error: ac-htf3crg-shard-00-00.wsakufz.mongodb.net:27017: timed out (configured timeouts: socketTimeoutMS: 20000.0ms, connectTimeoutMS: 20000.0ms),ac-htf3crg-shard-00-02.wsakufz.mongodb.net:27017: timed out (configured timeouts: socketTimeoutMS: 20000.0ms, connectTimeoutMS: 20000.0ms),ac-htf3crg-shard-00-01.wsakufz.mongodb.net:27017: timed out (configured timeouts: socketTimeoutMS: 20000.0ms, connectTimeoutMS: 20000.0ms), Timeout: 30s, Topology Description: <TopologyDescription id: 69c526327cc74985a9fe3a49, topology_type: ReplicaSetNoPrimary, servers: [<ServerDescription ('ac-htf3crg-shard-00-00.wsakufz.mongodb.net', 27017) server_type: Unknown, rtt: None, error=NetworkTimeout('ac-htf3crg-shard-00-00.wsakufz.mongodb.net:27017: timed out (configured timeouts: socketTimeoutMS: 20000.0ms, connectTimeoutMS: 20000.0ms)')>, <ServerDescription ('ac-htf3crg-shard-00-01.wsakufz.mongodb.net', 27017) server_type: Unknown, rtt: None, error=NetworkTimeout('ac-htf3crg-shard-00-01.wsakufz.mongodb.net:27017: timed out (configured timeouts: socketTimeoutMS: 20000.0ms, connectTimeoutMS: 20000.0ms)')>, <ServerDescription ('ac-htf3crg-shard-00-02.wsakufz.mongodb.net', 27017) server_type: Unknown, rtt: None, error=NetworkTimeout('ac-htf3crg-shard-00-02.wsakufz.mongodb.net:27017: timed out (configured timeouts: socketTimeoutMS: 20000.0ms, connectTimeoutMS: 20000.0ms)')>]> | Path: /signup
2026-03-26T17:59:43.791656+0530 | ERROR | Global Error: ac-htf3crg-shard-00-00.wsakufz.mongodb.net:27017: timed out (configured timeouts: socketTimeoutMS: 20000.0ms, connectTimeoutMS: 20000.0ms),ac-htf3crg-shard-00-02.wsakufz.mongodb.net:27017: timed out (configured timeouts: socketTimeoutMS: 20000.0ms, connectTimeoutMS: 20000.0ms),ac-htf3crg-shard-00-01.wsakufz.mongodb.net:27017: timed out (configured timeouts: socketTimeoutMS: 20000.0ms, connectTimeoutMS: 20000.0ms), Timeout: 30s, Topology Description: <TopologyDescription id: 69c526327cc74985a9fe3a49, topology_type: ReplicaSetNoPrimary, servers: [<ServerDescription ('ac-htf3crg-shard-00-00.wsakufz.mongodb.net', 27017) server_type: Unknown, rtt: None, error=NetworkTimeout('ac-htf3crg-shard-00-00.wsakufz.mongodb.net:27017: timed out (configured timeouts: socketTimeoutMS: 20000.0ms, connectTimeoutMS: 20000.0ms)')>, <ServerDescription ('ac-htf3crg-shard-00-01.wsakufz.mongodb.net', 27017) server_type: Unknown, rtt: None, error=NetworkTimeout('ac-htf3crg-shard-00-01.wsakufz.mongodb.net:27017: timed out (configured timeouts: socketTimeoutMS: 20000.0ms, connectTimeoutMS: 20000.0ms)')>, <ServerDescription ('ac-htf3crg-shard-00-02.wsakufz.mongodb.net', 27017) server_type: Unknown, rtt: None, error=NetworkTimeout('ac-htf3crg-shard-00-02.wsakufz.mongodb.net:27017: timed out (configured timeouts: socketTimeoutMS: 20000.0ms, connectTimeoutMS: 20000.0ms)')>]> | Path: /signup
2026-03-26T17:59:44.293329+0530 | ERROR | Global Error: ac-htf3crg-shard-00-00.wsakufz.mongodb.net:27017: timed out (configured timeouts: socketTimeoutMS: 20000.0ms, connectTimeoutMS: 20000.0ms),ac-htf3crg-shard-00-02.wsakufz.mongodb.net:27017: timed out (configured timeouts: socketTimeoutMS: 20000.0ms, connectTimeoutMS: 20000.0ms),ac-htf3crg-shard-00-01.wsakufz.mongodb.net:27017: timed out (configured timeouts: socketTimeoutMS: 20000.0ms, connectTimeoutMS: 20000.0ms), Timeout: 30s, Topology Description: <TopologyDescription id: 69c526327cc74985a9fe3a49, topology_type: ReplicaSetNoPrimary, servers: [<ServerDescription ('ac-htf3crg-shard-00-00.wsakufz.mongodb.net', 27017) server_type: Unknown, rtt: None, error=NetworkTimeout('ac-htf3crg-shard-00-00.wsakufz.mongodb.net:27017: timed out (configured timeouts: socketTimeoutMS: 20000.0ms, connectTimeoutMS: 20000.0ms)')>, <ServerDescription ('ac-htf3crg-shard-00-01.wsakufz.mongodb.net', 27017) server_type: Unknown, rtt: None, error=NetworkTimeout('ac-htf3crg-shard-00-01.wsakufz.mongodb.net:27017: timed out (configured timeouts: socketTimeoutMS: 20000.0ms, connectTimeoutMS: 20000.0ms)')>, <ServerDescription ('ac-htf3crg-shard-00-02.wsakufz.mongodb.net', 27017) server_type: Unknown, rtt: None, error=NetworkTimeout('ac-htf3crg-shard-00-02.wsakufz.mongodb.net:27017: timed out (configured timeouts: socketTimeoutMS: 20000.0ms, connectTimeoutMS: 20000.0ms)')>]> | Path: /signup
2026-03-26T17:59:44.807951+0530 | ERROR | Global Error: ac-htf3crg-shard-00-00.wsakufz.mongodb.net:27017: timed out (configured timeouts: socketTimeoutMS: 20000.0ms, connectTimeoutMS: 20000.0ms),ac-htf3crg-shard-00-02.wsakufz.mongodb.net:27017: timed out (configured timeouts: socketTimeoutMS: 20000.0ms, connectTimeoutMS: 20000.0ms),ac-htf3crg-shard-00-01.wsakufz.mongodb.net:27017: timed out (configured timeouts: socketTimeoutMS: 20000.0ms, connectTimeoutMS: 20000.0ms), Timeout: 30s, Topology Description: <TopologyDescription id: 69c526327cc74985a9fe3a49, topology_type: ReplicaSetNoPrimary, servers: [<ServerDescription ('ac-htf3crg-shard-00-00.wsakufz.mongodb.net', 27017) server_type: Unknown, rtt: None, error=NetworkTimeout('ac-htf3crg-shard-00-00.wsakufz.mongodb.net:27017: timed out (configured timeouts: socketTimeoutMS: 20000.0ms, connectTimeoutMS: 20000.0ms)')>, <ServerDescription ('ac-htf3crg-shard-00-01.wsakufz.mongodb.net', 27017) server_type: Unknown, rtt: None, error=NetworkTimeout('ac-htf3crg-shard-00-01.wsakufz.mongodb.net:27017: timed out (configured timeouts: socketTimeoutMS: 20000.0ms, connectTimeoutMS: 20000.0ms)')>, <ServerDescription ('ac-htf3crg-shard-00-02.wsakufz.mongodb.net', 27017) server_type: Unknown, rtt: None, error=NetworkTimeout('ac-htf3crg-shard-00-02.wsakufz.mongodb.net:27017: timed out (configured timeouts: socketTimeoutMS: 20000.0ms, connectTimeoutMS: 20000.0ms)')>]> | Path: /signup
2026-03-26T17:59:44.820540+0530 | ERROR | Global Error: ac-htf3crg-shard-00-00.wsakufz.mongodb.net:27017: timed out (configured timeouts: socketTimeoutMS: 20000.0ms, connectTimeoutMS: 20000.0ms),ac-htf3crg-shard-00-02.wsakufz.mongodb.net:27017: timed out (configured timeouts: socketTimeoutMS: 20000.0ms, connectTimeoutMS: 20000.0ms),ac-htf3crg-shard-00-01.wsakufz.mongodb.net:27017: timed out (configured timeouts: socketTimeoutMS: 20000.0ms, connectTimeoutMS: 20000.0ms), Timeout: 30s, Topology Description: <TopologyDescription id: 69c526327cc74985a9fe3a49, topology_type: ReplicaSetNoPrimary, servers: [<ServerDescription ('ac-htf3crg-shard-00-00.wsakufz.mongodb.net', 27017) server_type: Unknown, rtt: None, error=NetworkTimeout('ac-htf3crg-shard-00-00.wsakufz.mongodb.net:27017: timed out (configured timeouts: socketTimeoutMS: 20000.0ms, connectTimeoutMS: 20000.0ms)')>, <ServerDescription ('ac-htf3crg-shard-00-01.wsakufz.mongodb.net', 27017) server_type: Unknown, rtt: None, error=NetworkTimeout('ac-htf3crg-shard-00-01.wsakufz.mongodb.net:27017: timed out (configured timeouts: socketTimeoutMS: 20000.0ms, connectTimeoutMS: 20000.0ms)')>, <ServerDescription ('ac-htf3crg-shard-00-02.wsakufz.mongodb.net', 27017) server_type: Unknown, rtt: None, error=NetworkTimeout('ac-htf3crg-shard-00-02.wsakufz.mongodb.net:27017: timed out (configured timeouts: socketTimeoutMS: 20000.0ms, connectTimeoutMS: 20000.0ms)')>]> | Path: /signup
2026-03-26T18:01:17.047169+0530 | INFO | REQ-START: GET /
2026-03-26T18:01:17.052159+0530 | INFO | REQ-END: GET / (took 0.0031s)
2026-03-26T18:01:40.630269+0530 | INFO | REQ-START: POST /signup
2026-03-26T18:02:10.649531+0530 | ERROR | Global Error: SSL handshake failed: ac-htf3crg-shard-00-01.wsakufz.mongodb.net:27017: [SSL: TLSV1_ALERT_INTERNAL_ERROR] tlsv1 alert internal error (_ssl.c:1032) (configured timeouts: socketTimeoutMS: 20000.0ms, connectTimeoutMS: 20000.0ms),SSL handshake failed: ac-htf3crg-shard-00-00.wsakufz.mongodb.net:27017: [SSL: TLSV1_ALERT_INTERNAL_ERROR] tlsv1 alert internal error (_ssl.c:1032) (configured timeouts: socketTimeoutMS: 20000.0ms, connectTimeoutMS: 20000.0ms),SSL handshake failed: ac-htf3crg-shard-00-02.wsakufz.mongodb.net:27017: [SSL: TLSV1_ALERT_INTERNAL_ERROR] tlsv1 alert internal error (_ssl.c:1032) (configured timeouts: socketTimeoutMS: 20000.0ms, connectTimeoutMS: 20000.0ms), Timeout: 30s, Topology Description: <TopologyDescription id: 69c5271564de0b0fd329e471, topology_type: ReplicaSetNoPrimary, servers: [<ServerDescription ('ac-htf3crg-shard-00-00.wsakufz.mongodb.net', 27017) server_type: Unknown, rtt: None, error=AutoReconnect('SSL handshake failed: ac-htf3crg-shard-00-00.wsakufz.mongodb.net:27017: [SSL: TLSV1_ALERT_INTERNAL_ERROR] tlsv1 alert internal error (_ssl.c:1032) (configured timeouts: socketTimeoutMS: 20000.0ms, connectTimeoutMS: 20000.0ms)')>, <ServerDescription ('ac-htf3crg-shard-00-01.wsakufz.mongodb.net', 27017) server_type: Unknown, rtt: None, error=AutoReconnect('SSL handshake failed: ac-htf3crg-shard-00-01.wsakufz.mongodb.net:27017: [SSL: TLSV1_ALERT_INTERNAL_ERROR] tlsv1 alert internal error (_ssl.c:1032) (configured timeouts: socketTimeoutMS: 20000.0ms, connectTimeoutMS: 20000.0ms)')>, <ServerDescription ('ac-htf3crg-shard-00-02.wsakufz.mongodb.net', 27017) server_type: Unknown, rtt: None, error=AutoReconnect('SSL handshake failed: ac-htf3crg-shard-00-02.wsakufz.mongodb.net:27017: [SSL: TLSV1_ALERT_INTERNAL_ERROR] tlsv1 alert internal error (_ssl.c:1032) (configured timeouts: socketTimeoutMS: 20000.0ms, connectTimeoutMS: 20000.0ms)')>]> | Path: /signup
2026-03-26T18:04:43.337521+0530 | INFO | REQ-START: GET /
2026-03-26T18:04:43.342895+0530 | INFO | REQ-END: GET / (took 0.0014s)
2026-03-26T18:05:04.777826+0530 | INFO | REQ-START: POST /signup
2026-03-26T18:05:12.166753+0530 | INFO | REQ-END: POST /signup (took 7.3883s)
2026-03-26T18:05:30.937526+0530 | INFO | REQ-START: POST /verify-otp
2026-03-26T18:05:31.111805+0530 | INFO | REQ-END: POST /verify-otp (took 0.1734s)
2026-03-26T18:05:31.124942+0530 | INFO | REQ-START: GET /trend
2026-03-26T18:05:31.560270+0530 | INFO | REQ-END: GET /trend (took 0.4329s)
2026-03-26T18:05:31.574819+0530 | INFO | REQ-START: GET /stats
2026-03-26T18:05:31.707004+0530 | INFO | REQ-END: GET /stats (took 0.1308s)
2026-03-26T18:05:42.398351+0530 | INFO | REQ-START: POST /analyze
2026-03-26T18:05:43.041880+0530 | INFO | REQ-END: POST /analyze (took 0.6423s)
2026-03-26T18:05:49.831537+0530 | INFO | REQ-START: POST /analyze/batch
2026-03-26T18:05:49.841411+0530 | INFO | REQ-END: POST /analyze/batch (took 0.0087s)
2026-03-26T18:05:49.890183+0530 | INFO | Scan 1146f733-040c-4b2e-b156-7604ef1f696a AI insights ready.
2026-03-26T18:05:49.943485+0530 | INFO | Scan 1a83de38-d73f-4b79-aa91-dc06d0fb2664 AI insights ready.
2026-03-26T18:05:52.249271+0530 | INFO | Scan 8d7b1736-fec3-4cdb-ab97-4b1e33056c87 AI insights ready.
2026-03-26T18:05:56.834392+0530 | INFO | REQ-START: GET /
2026-03-26T18:05:56.836380+0530 | INFO | REQ-END: GET / (took 0.0015s)
2026-03-26T18:05:57.157599+0530 | INFO | REQ-START: GET /trend
2026-03-26T18:05:57.207902+0530 | INFO | REQ-END: GET /trend (took 0.0496s)
2026-03-26T18:05:57.233294+0530 | INFO | REQ-START: GET /stats
2026-03-26T18:05:57.328827+0530 | INFO | REQ-END: GET /stats (took 0.0950s)
2026-03-26T18:06:26.762518+0530 | INFO | REQ-START: GET /
2026-03-26T18:06:26.765313+0530 | INFO | REQ-END: GET / (took 0.0016s)
